#
# A fatal error has been detected by the Java Runtime Environment:
#
#  EXCEPTION_STACK_OVERFLOW (0xc00000fd) at pc=0x00007ffd1af6ea84, pid=14736, tid=8484
#
# JRE version: OpenJDK Runtime Environment (21.0.6) (build 21.0.6+-13391695-b895.109)
# Java VM: OpenJDK 64-Bit Server VM (21.0.6+-13391695-b895.109, mixed mode, tiered, compressed oops, compressed class ptrs, g1 gc, windows-amd64)
# Problematic frame:
# V  [jvm.dll+0x3dea84]
#
# No core dump will be written. Minidumps are not enabled by default on client versions of Windows
#
# If you would like to submit a bug report, please visit:
#   https://youtrack.jetbrains.com/issues/JBR
#

---------------  S U M M A R Y ------------

Command Line: --add-opens=java.base/java.lang=ALL-UNNAMED --add-opens=java.base/java.lang.invoke=ALL-UNNAMED --add-opens=java.base/java.util=ALL-UNNAMED --add-opens=java.prefs/java.util.prefs=ALL-UNNAMED --add-exports=jdk.compiler/com.sun.tools.javac.api=ALL-UNNAMED --add-exports=jdk.compiler/com.sun.tools.javac.util=ALL-UNNAMED --add-opens=java.base/java.util=ALL-UNNAMED --add-opens=java.prefs/java.util.prefs=ALL-UNNAMED --add-opens=java.base/java.nio.charset=ALL-UNNAMED --add-opens=java.base/java.net=ALL-UNNAMED --add-opens=java.base/java.util.concurrent.atomic=ALL-UNNAMED --add-opens=java.xml/javax.xml.namespace=ALL-UNNAMED -Xmx2048m -Dfile.encoding=UTF-8 -Duser.country=US -Duser.language=en -Duser.variant -javaagent:C:\Users\saura\.gradle\wrapper\dists\gradle-8.13-bin\5xuhj0ry160q40clulazy9h7d\gradle-8.13\lib\agents\gradle-instrumentation-agent-8.13.jar org.gradle.launcher.daemon.bootstrap.GradleDaemon 8.13

Host: AMD Ryzen 7 7840HS w/ Radeon 780M Graphics     , 16 cores, 15G,  Windows 11 , 64 bit Build 22621 (10.0.22621.5415)
Time: Sat Aug  9 03:58:37 2025 India Standard Time elapsed time: 2018.551765 seconds (0d 0h 33m 38s)

---------------  T H R E A D  ---------------

Current thread (0x000001b81de54090):  JavaThread "Unconstrained build operations Thread 72"        [_thread_in_vm, id=8484, stack(0x000000961a500000,0x000000961a600000) (1024K)]

Stack: [0x000000961a500000,0x000000961a600000],  sp=0x000000961a5ff4b0,  free space=1021k
Native frames: (J=compiled Java code, j=interpreted, Vv=VM code, C=native code)
V  [jvm.dll+0x3dea84]
V  [jvm.dll+0x6d0552]
V  [jvm.dll+0x3df736]
V  [jvm.dll+0x3df9c7]
V  [jvm.dll+0x46fac5]
V  [jvm.dll+0x3f0e96]
V  [jvm.dll+0x806ed8]
V  [jvm.dll+0x6cef0d]
C  [ucrtbase.dll+0x29333]
C  [KERNEL32.DLL+0x1259d]
C  [ntdll.dll+0x5af78]


siginfo: EXCEPTION_STACK_OVERFLOW (0xc00000fd), ExceptionInformation=0x0000000000000001 0x000000961a5f84b0 


Registers:
RAX=0x0000000000000002, RBX=0x000000961a5f84b0, RCX=0x0000000000001000, RDX=0x0000000000000000
RSP=0x000000961a5ff4b0, RBP=0x000000961a5ff5b0, RSI=0x000000961a5ff740, RDI=0x000001b81de54090
R8 =0x000000961a5ff4b0, R9 =0x000001b81de54090, R10=0x000000961a5ff670, R11=0x000000961a5ff810
R12=0x000000961a5ff670, R13=0x000000000000000a, R14=0x000001b821ce4080, R15=0x000000961a5ff810
RIP=0x00007ffd1af6ea84, EFLAGS=0x0000000000010202

XMM[0]=0x0000000000000000 0x0000000000000000
XMM[1]=0x0000000000000000 0x0000000000000000
XMM[2]=0x0000000000000000 0x0000000000000000
XMM[3]=0x0000000000000000 0x0000000000000000
XMM[4]=0x0000000000000000 0x0000000000000000
XMM[5]=0x0000000000000000 0x0000000000000000
XMM[6]=0x0000000000000000 0x0000000000000000
XMM[7]=0x0000000000000000 0x0000000000000000
XMM[8]=0x0000000000000000 0x0000000000000000
XMM[9]=0x0000000000000000 0x0000000000000000
XMM[10]=0x0000000000000000 0x0000000000000000
XMM[11]=0x0000000000000000 0x0000000000000000
XMM[12]=0x0000000000000000 0x0000000000000000
XMM[13]=0x0000000000000000 0x0000000000000000
XMM[14]=0x0000000000000000 0x0000000000000000
XMM[15]=0x0000000000000000 0x0000000000000000
  MXCSR=0x00001fa0


Register to memory mapping:

RAX=0x0000000000000002 is an unknown value
RBX=0x000000961a5f84b0 is pointing into the stack for thread: 0x000001b81de54090
RCX=0x0000000000001000 is an unknown value
RDX=0x0 is null
RSP=0x000000961a5ff4b0 is pointing into the stack for thread: 0x000001b81de54090
RBP=0x000000961a5ff5b0 is pointing into the stack for thread: 0x000001b81de54090
RSI=0x000000961a5ff740 is pointing into the stack for thread: 0x000001b81de54090
RDI=0x000001b81de54090 is a thread
R8 =0x000000961a5ff4b0 is pointing into the stack for thread: 0x000001b81de54090
R9 =0x000001b81de54090 is a thread
R10=0x000000961a5ff670 is pointing into the stack for thread: 0x000001b81de54090
R11=0x000000961a5ff810 is pointing into the stack for thread: 0x000001b81de54090
R12=0x000000961a5ff670 is pointing into the stack for thread: 0x000001b81de54090
R13=0x000000000000000a is an unknown value
R14=0x000001b821ce4080 points into unknown readable memory: 0x000000009548e458 | 58 e4 48 95 00 00 00 00
R15=0x000000961a5ff810 is pointing into the stack for thread: 0x000001b81de54090

Top of Stack: (sp=0x000000961a5ff4b0)
0x000000961a5ff4b0:   000000961a5ff4b0 000000961a5ff740
0x000000961a5ff4c0:   000000961a5ff680 000001b81de54090
0x000000961a5ff4d0:   0000000100047950 00007ffd1b166621
0x000000961a5ff4e0:   00007ffd1b552a80 000001b821ce4080
0x000000961a5ff4f0:   00007ffd1b552a80 00007ffd1b53f488
0x000000961a5ff500:   0000000000000009 000000961a5ff4c8
0x000000961a5ff510:   0000009600000009 000001b870b61f20
0x000000961a5ff520:   000000000000004e 00007ffd1b172053
0x000000961a5ff530:   000000961a5ff5a0 00007ffd1af2ebf6
0x000000961a5ff540:   000000961a5ff6d8 000001b8220ff4e0
0x000000961a5ff550:   000015473aca5e3a 00007ffd1afb5285
0x000000961a5ff560:   000000961a5ff6c0 00007ffd1b16a128
0x000000961a5ff570:   000001b81de54090 000001b81de54090
0x000000961a5ff580:   000000961a5ff620 0000000000000000
0x000000961a5ff590:   000015473aca48ea 00007ffd8c60d6da
0x000000961a5ff5a0:   000001b80f049918 000001b81de54090
0x000000961a5ff5b0:   000001b80f049918 000001b81de54090
0x000000961a5ff5c0:   0000000000000000 000001b81de54090
0x000000961a5ff5d0:   0000000000000000 000001b81851d6b8
0x000000961a5ff5e0:   0000000000000000 0000000000000000
0x000000961a5ff5f0:   000000961a5ff740 000000961a5ff810
0x000000961a5ff600:   000001b81851d2d0 00007ffd1b260552
0x000000961a5ff610:   00007ffd1af6e830 000000961a5ff810
0x000000961a5ff620:   000001b80f049900 000001b8074a3e20
0x000000961a5ff630:   000001b81de54090 00007ffd1af6f736
0x000000961a5ff640:   000001b80f049918 000001b81851d2d0
0x000000961a5ff650:   000000961a5ff810 000000961a5ff740
0x000000961a5ff660:   000001b81de54090 000001b81de54090
0x000000961a5ff670:   000001b80f049918 000001b81de54090
0x000000961a5ff680:   000001b87c086b68 000001b87c08c630
0x000000961a5ff690:   0000000100047950 0000000000000000
0x000000961a5ff6a0:   0000000000000000 0000000000000000 

Instructions: (pc=0x00007ffd1af6ea84)
0x00007ffd1af6e984:   d8 05 00 00 74 0c 49 8b 04 24 48 8b 40 50 48 89
0x00007ffd1af6e994:   45 78 41 8b 17 8d 42 fc 83 f8 0a 0f 87 e0 04 00
0x00007ffd1af6e9a4:   00 4c 8d 05 54 16 c2 ff 48 98 41 8b 8c 80 44 ef
0x00007ffd1af6e9b4:   3d 00 49 03 c8 ff e1 41 bd 0a 00 00 00 83 fa 0c
0x00007ffd1af6e9c4:   74 2f 83 fa 0d 74 2a 44 88 75 70 eb 28 41 bd 0b
0x00007ffd1af6e9d4:   00 00 00 44 88 75 70 eb 1c 41 bd 06 00 00 00 44
0x00007ffd1af6e9e4:   88 75 70 eb 10 41 bd 07 00 00 00 44 88 75 70 eb
0x00007ffd1af6e9f4:   04 c6 45 70 01 49 8b 04 24 8b 48 28 c1 e9 03 f6
0x00007ffd1af6ea04:   c1 01 75 07 48 8b 46 58 4c 8b 30 48 8d 8f c0 04
0x00007ffd1af6ea14:   00 00 e8 85 a3 37 00 e8 20 18 2f 00 4c 8b c0 49
0x00007ffd1af6ea24:   8b d4 48 8b cf 48 8b d8 e8 ef 50 2e 00 84 c0 75
0x00007ffd1af6ea34:   33 4d 8b cc 48 8d 15 49 dd 59 00 41 b8 83 01 00
0x00007ffd1af6ea44:   00 48 8b cf e8 83 65 f2 ff 48 8b 9c 24 60 01 00
0x00007ffd1af6ea54:   00 48 81 c4 20 01 00 00 41 5f 41 5e 41 5d 41 5c
0x00007ffd1af6ea64:   5f 5e 5d c3 48 8b 0d f1 08 7d 00 33 d2 48 8b 05
0x00007ffd1af6ea74:   00 56 7d 00 48 f7 f1 48 83 f8 01 72 0c 48 2b d9
0x00007ffd1af6ea84:   c6 03 00 48 83 e8 01 75 f4 33 c0 48 8b cf 48 89
0x00007ffd1af6ea94:   44 24 60 48 89 44 24 70 48 89 44 24 68 48 8b 07
0x00007ffd1af6eaa4:   ff 50 38 84 c0 0f 84 52 04 00 00 48 8b 07 48 8b
0x00007ffd1af6eab4:   cf ff 90 90 00 00 00 84 c0 0f 84 5e 04 00 00 33
0x00007ffd1af6eac4:   d2 4c 89 7c 24 78 48 8b cf e8 0e ce 08 00 48 8b
0x00007ffd1af6ead4:   cf 48 8b d8 e8 93 58 f2 ff 48 8b 8f 48 04 00 00
0x00007ffd1af6eae4:   f6 c1 01 74 0f 41 b0 01 48 8b cf 41 0f b6 d0 e8
0x00007ffd1af6eaf4:   b8 38 35 00 8b 87 40 04 00 00 a8 0c 74 08 48 8b
0x00007ffd1af6eb04:   cf e8 56 04 01 00 c7 87 44 04 00 00 08 00 00 00
0x00007ffd1af6eb14:   45 33 d2 49 8b 04 24 48 89 44 24 50 4d 85 f6 75
0x00007ffd1af6eb24:   07 4c 89 54 24 58 eb 08 49 8b 06 48 89 44 24 58
0x00007ffd1af6eb34:   48 8b 4c 24 60 48 89 7c 24 40 48 8b 87 28 04 00
0x00007ffd1af6eb44:   00 48 89 44 24 48 48 8b 87 98 03 00 00 48 3b c8
0x00007ffd1af6eb54:   74 05 4c 89 54 24 60 48 8b 87 a8 03 00 00 48 89
0x00007ffd1af6eb64:   44 24 70 48 8b 87 a0 03 00 00 48 89 44 24 68 48
0x00007ffd1af6eb74:   8b 87 98 03 00 00 48 89 44 24 60 4c 89 97 98 03 


Stack slot to memory mapping:

stack at sp + 0 slots: 0x000000961a5ff4b0 is pointing into the stack for thread: 0x000001b81de54090
stack at sp + 1 slots: 0x000000961a5ff740 is pointing into the stack for thread: 0x000001b81de54090
stack at sp + 2 slots: 0x000000961a5ff680 is pointing into the stack for thread: 0x000001b81de54090
stack at sp + 3 slots: 0x000001b81de54090 is a thread
stack at sp + 4 slots: 0x0000000100047950 is a pointer to class: 
java.lang.Thread {0x0000000100047958}
 - instance size:     15
 - klass size:        101
 - access:            public synchronized 
 - flags:             rewritten has_nonstatic_fields has_final_method has_resolved_methods 
 - state:             fully_initialized
 - name:              'java/lang/Thread'
 - super:             'java/lang/Object'
 - sub:               'kotlinx/coroutines/scheduling/CoroutineScheduler$Worker'   'com/sun/tools/javac/file/BaseFileManager$1'   'kotlin/concurrent/ThreadsKt$thread$thread$1'   'org/gradle/fileevents/internal/AbstractFileEventFunctions$AbstractFileWatcher$1'   (8 more klasses...)
 - arrays:            null
 - methods:           Array<T>(0x000001b80f046d50)
 - method ordering:   Array<T>(0x000001b80f000018)
 - local interfaces:  Array<T>(0x000001b80f046a78)
 - trans. interfaces: Array<T>(0x000001b80f046a78)
 - constants:         constant pool [870] {0x000001b80f044ce8} for 'java/lang/Thread' cache=0x000001b80f1699e8
 - class loader data:  loader data: 0x000001b87bff7e90 of 'bootstrap'
 - field annotations:       Array<T>(0x000001b80f046c70)
 - inner classes:     Array<T>(0x000001b80f04d078)
 - nest members:     Array<T>(0x000001b80f04d110)
 - permitted subclasses:     Array<T>(0x000001b80f000028)
 - java mirror:       a 'java/lang/Class'{0x00000000805b4958} = 'java/lang/Thread'
 - vtable length      35  (start addr: 0x0000000100047b30)
 - itable length      5 (start addr: 0x0000000100047c48)
 - ---- static fields (4 words):
 - private static final 'NEW_THREAD_BINDINGS' 'Ljava/lang/Object;' @112 
 - public static final 'MIN_PRIORITY' 'I' @124 
 - public static final 'NORM_PRIORITY' 'I' @128 
 - public static final 'MAX_PRIORITY' 'I' @132 
 - static final 'NO_INHERIT_THREAD_LOCALS' 'I' @136 
 - private static final 'EMPTY_STACK_TRACE' '[Ljava/lang/StackTraceElement;' @116 
 - private static volatile 'defaultUncaughtExceptionHandler' 'Ljava/lang/Thread$UncaughtExceptionHandler;' @120 
 - ---- non-static fields (26 words):
 - 'threadLocalRandomProbe' 'I' @12 
 - private volatile 'eetop' 'J' @16 
 - private final 'tid' 'J' @24 
 - 'threadLocalRandomSeed' 'J' @32 
 - injected 'jvmti_thread_state' 'J' @40 
 - 'threadLocalRandomSecondarySeed' 'I' @48 
 - injected 'jvmti_VTMS_transition_disable_count' 'I' @52 
 - injected 'jfr_epoch' 'S' @56 
 - volatile 'interrupted' 'Z' @58 
 - injected 'jvmti_is_in_VTMS_transition' 'Z' @59 
 - private volatile 'name' 'Ljava/lang/String;' @60 
 - private volatile 'contextClassLoader' 'Ljava/lang/ClassLoader;' @64 
 - private 'inheritedAccessControlContext' 'Ljava/security/AccessControlContext;' @68 
 - private final 'holder' 'Ljava/lang/Thread$FieldHolder;' @72 
 - 'threadLocals' 'Ljava/lang/ThreadLocal$ThreadLocalMap;' @76 
 - 'inheritableThreadLocals' 'Ljava/lang/ThreadLocal$ThreadLocalMap;' @80 
 - private 'scopedValueBindings' 'Ljava/lang/Object;' @84 
 - final 'interruptLock' 'Ljava/lang/Object;' @88 
 - private volatile 'parkBlocker' 'Ljava/lang/Object;' @92 
 - volatile 'nioBlocker' 'Lsun/nio/ch/Interruptible;' @96 
 - private 'cont' 'Ljdk/internal/vm/Continuation;' @100 
 - private volatile 'uncaughtExceptionHandler' 'Ljava/lang/Thread$UncaughtExceptionHandler;' @104 
 - private 'container' 'Ljdk/internal/vm/ThreadContainer;' @108 
 - private volatile 'headStackableScopes' 'Ljdk/internal/vm/StackableScope;' @112 
 - non-static oop maps: 60-112 
stack at sp + 5 slots: 0x00007ffd1b166621 jvm.dll
stack at sp + 6 slots: 